<?xml version="1.0" encoding="UTF-8"?>
<!-- Generated by org.testng.reporters.JUnitReportReporter -->
<testsuite hostname="Endeavor" failures="0" tests="4" name="api.test.UserTests" time="8.338" errors="0" timestamp="2024-07-24T22:31:26 IST" skipped="0">
  <testcase classname="api.test.UserTests" name="testPostUser" time="3.499"/>
  <testcase classname="api.test.UserTests" name="testGetUser" time="1.231"/>
  <testcase classname="api.test.UserTests" name="testUpdateUser" time="2.382"/>
  <testcase classname="api.test.UserTests" name="testDeleteUser" time="1.226"/>
</testsuite> <!-- api.test.UserTests -->
