<?xml version="1.0" encoding="UTF-8"?>
<!-- Generated by org.testng.reporters.JUnitReportReporter -->
<testsuite hostname="Endeavor" failures="0" tests="4" name="api.test.UserTests" time="9.023" errors="0" timestamp="2024-07-26T01:45:32 IST" skipped="0">
  <testcase classname="api.test.UserTests" name="testPostUser" time="4.338"/>
  <testcase classname="api.test.UserTests" name="testGetUser" time="1.231"/>
  <testcase classname="api.test.UserTests" name="testUpdateUser" time="2.330"/>
  <testcase classname="api.test.UserTests" name="testDeleteUser" time="1.124"/>
</testsuite> <!-- api.test.UserTests -->
